<?xml version="1.0" encoding="UTF-8"?>
<testsuite xmlns:xsi="http://www.w3.org/2001/XMLSchema-instance" xsi:noNamespaceSchemaLocation="https://maven.apache.org/surefire/maven-surefire-plugin/xsd/surefire-test-report.xsd" name="org.example.AppTest" time="0.022" tests="1" errors="0" skipped="0" failures="0">
  <properties>
    <property name="java.specification.version" value="17"/>
    <property name="sun.cpu.isalist" value="amd64"/>
    <property name="sun.jnu.encoding" value="GBK"/>
    <property name="java.class.path" value="E:\desktop\gitee\triennium\培训\java\211. Java Spring Boot (Backend)\spring boot part 3\db\target\test-classes;E:\desktop\gitee\triennium\培训\java\211. Java Spring Boot (Backend)\spring boot part 3\db\target\classes;D:\develop\mvnlib\org\springframework\boot\spring-boot-starter-web\1.5.9.RELEASE\spring-boot-starter-web-1.5.9.RELEASE.jar;D:\develop\mvnlib\org\springframework\boot\spring-boot-starter\1.5.9.RELEASE\spring-boot-starter-1.5.9.RELEASE.jar;D:\develop\mvnlib\org\springframework\boot\spring-boot\1.5.9.RELEASE\spring-boot-1.5.9.RELEASE.jar;D:\develop\mvnlib\org\springframework\boot\spring-boot-autoconfigure\1.5.9.RELEASE\spring-boot-autoconfigure-1.5.9.RELEASE.jar;D:\develop\mvnlib\org\springframework\boot\spring-boot-starter-logging\1.5.9.RELEASE\spring-boot-starter-logging-1.5.9.RELEASE.jar;D:\develop\mvnlib\ch\qos\logback\logback-classic\1.1.11\logback-classic-1.1.11.jar;D:\develop\mvnlib\ch\qos\logback\logback-core\1.1.11\logback-core-1.1.11.jar;D:\develop\mvnlib\org\slf4j\slf4j-api\1.7.25\slf4j-api-1.7.25.jar;D:\develop\mvnlib\org\slf4j\jcl-over-slf4j\1.7.25\jcl-over-slf4j-1.7.25.jar;D:\develop\mvnlib\org\slf4j\jul-to-slf4j\1.7.25\jul-to-slf4j-1.7.25.jar;D:\develop\mvnlib\org\slf4j\log4j-over-slf4j\1.7.25\log4j-over-slf4j-1.7.25.jar;D:\develop\mvnlib\org\springframework\spring-core\4.3.13.RELEASE\spring-core-4.3.13.RELEASE.jar;D:\develop\mvnlib\org\yaml\snakeyaml\1.17\snakeyaml-1.17.jar;D:\develop\mvnlib\org\springframework\boot\spring-boot-starter-tomcat\1.5.9.RELEASE\spring-boot-starter-tomcat-1.5.9.RELEASE.jar;D:\develop\mvnlib\org\apache\tomcat\embed\tomcat-embed-core\8.5.23\tomcat-embed-core-8.5.23.jar;D:\develop\mvnlib\org\apache\tomcat\tomcat-annotations-api\8.5.23\tomcat-annotations-api-8.5.23.jar;D:\develop\mvnlib\org\apache\tomcat\embed\tomcat-embed-el\8.5.23\tomcat-embed-el-8.5.23.jar;D:\develop\mvnlib\org\apache\tomcat\embed\tomcat-embed-websocket\8.5.23\tomcat-embed-websocket-8.5.23.jar;D:\develop\mvnlib\org\hibernate\hibernate-validator\5.3.6.Final\hibernate-validator-5.3.6.Final.jar;D:\develop\mvnlib\javax\validation\validation-api\1.1.0.Final\validation-api-1.1.0.Final.jar;D:\develop\mvnlib\org\jboss\logging\jboss-logging\3.3.1.Final\jboss-logging-3.3.1.Final.jar;D:\develop\mvnlib\com\fasterxml\classmate\1.3.4\classmate-1.3.4.jar;D:\develop\mvnlib\com\fasterxml\jackson\core\jackson-databind\2.8.10\jackson-databind-2.8.10.jar;D:\develop\mvnlib\com\fasterxml\jackson\core\jackson-annotations\2.8.0\jackson-annotations-2.8.0.jar;D:\develop\mvnlib\com\fasterxml\jackson\core\jackson-core\2.8.10\jackson-core-2.8.10.jar;D:\develop\mvnlib\org\springframework\spring-web\4.3.13.RELEASE\spring-web-4.3.13.RELEASE.jar;D:\develop\mvnlib\org\springframework\spring-aop\4.3.13.RELEASE\spring-aop-4.3.13.RELEASE.jar;D:\develop\mvnlib\org\springframework\spring-beans\4.3.13.RELEASE\spring-beans-4.3.13.RELEASE.jar;D:\develop\mvnlib\org\springframework\spring-context\4.3.13.RELEASE\spring-context-4.3.13.RELEASE.jar;D:\develop\mvnlib\org\springframework\spring-webmvc\4.3.13.RELEASE\spring-webmvc-4.3.13.RELEASE.jar;D:\develop\mvnlib\org\springframework\spring-expression\4.3.13.RELEASE\spring-expression-4.3.13.RELEASE.jar;D:\develop\mvnlib\junit\junit\4.11\junit-4.11.jar;D:\develop\mvnlib\org\hamcrest\hamcrest-core\1.3\hamcrest-core-1.3.jar;D:\develop\mvnlib\mysql\mysql-connector-java\8.0.28\mysql-connector-java-8.0.28.jar;D:\develop\mvnlib\com\google\protobuf\protobuf-java\3.11.4\protobuf-java-3.11.4.jar;"/>
    <property name="java.vm.vendor" value="Oracle Corporation"/>
    <property name="sun.arch.data.model" value="64"/>
    <property name="user.variant" value=""/>
    <property name="java.vendor.url" value="https://java.oracle.com/"/>
    <property name="user.timezone" value="Asia/Shanghai"/>
    <property name="os.name" value="Windows 10"/>
    <property name="java.vm.specification.version" value="17"/>
    <property name="sun.java.launcher" value="SUN_STANDARD"/>
    <property name="user.country" value="CN"/>
    <property name="sun.boot.library.path" value="C:\Program Files\zulu\jdk-17.0.2\bin"/>
    <property name="sun.java.command" value="C:\Users\WH2104~1\AppData\Local\Temp\surefire11653338827025184185\surefirebooter2190516402543822325.jar C:\Users\wh2104220\AppData\Local\Temp\surefire11653338827025184185 2022-04-29T14-14-35_315-jvmRun1 surefire10266141125745946966tmp surefire_0854220164859509098tmp"/>
    <property name="jdk.debug" value="release"/>
    <property name="surefire.test.class.path" value="E:\desktop\gitee\triennium\培训\java\211. Java Spring Boot (Backend)\spring boot part 3\db\target\test-classes;E:\desktop\gitee\triennium\培训\java\211. Java Spring Boot (Backend)\spring boot part 3\db\target\classes;D:\develop\mvnlib\org\springframework\boot\spring-boot-starter-web\1.5.9.RELEASE\spring-boot-starter-web-1.5.9.RELEASE.jar;D:\develop\mvnlib\org\springframework\boot\spring-boot-starter\1.5.9.RELEASE\spring-boot-starter-1.5.9.RELEASE.jar;D:\develop\mvnlib\org\springframework\boot\spring-boot\1.5.9.RELEASE\spring-boot-1.5.9.RELEASE.jar;D:\develop\mvnlib\org\springframework\boot\spring-boot-autoconfigure\1.5.9.RELEASE\spring-boot-autoconfigure-1.5.9.RELEASE.jar;D:\develop\mvnlib\org\springframework\boot\spring-boot-starter-logging\1.5.9.RELEASE\spring-boot-starter-logging-1.5.9.RELEASE.jar;D:\develop\mvnlib\ch\qos\logback\logback-classic\1.1.11\logback-classic-1.1.11.jar;D:\develop\mvnlib\ch\qos\logback\logback-core\1.1.11\logback-core-1.1.11.jar;D:\develop\mvnlib\org\slf4j\slf4j-api\1.7.25\slf4j-api-1.7.25.jar;D:\develop\mvnlib\org\slf4j\jcl-over-slf4j\1.7.25\jcl-over-slf4j-1.7.25.jar;D:\develop\mvnlib\org\slf4j\jul-to-slf4j\1.7.25\jul-to-slf4j-1.7.25.jar;D:\develop\mvnlib\org\slf4j\log4j-over-slf4j\1.7.25\log4j-over-slf4j-1.7.25.jar;D:\develop\mvnlib\org\springframework\spring-core\4.3.13.RELEASE\spring-core-4.3.13.RELEASE.jar;D:\develop\mvnlib\org\yaml\snakeyaml\1.17\snakeyaml-1.17.jar;D:\develop\mvnlib\org\springframework\boot\spring-boot-starter-tomcat\1.5.9.RELEASE\spring-boot-starter-tomcat-1.5.9.RELEASE.jar;D:\develop\mvnlib\org\apache\tomcat\embed\tomcat-embed-core\8.5.23\tomcat-embed-core-8.5.23.jar;D:\develop\mvnlib\org\apache\tomcat\tomcat-annotations-api\8.5.23\tomcat-annotations-api-8.5.23.jar;D:\develop\mvnlib\org\apache\tomcat\embed\tomcat-embed-el\8.5.23\tomcat-embed-el-8.5.23.jar;D:\develop\mvnlib\org\apache\tomcat\embed\tomcat-embed-websocket\8.5.23\tomcat-embed-websocket-8.5.23.jar;D:\develop\mvnlib\org\hibernate\hibernate-validator\5.3.6.Final\hibernate-validator-5.3.6.Final.jar;D:\develop\mvnlib\javax\validation\validation-api\1.1.0.Final\validation-api-1.1.0.Final.jar;D:\develop\mvnlib\org\jboss\logging\jboss-logging\3.3.1.Final\jboss-logging-3.3.1.Final.jar;D:\develop\mvnlib\com\fasterxml\classmate\1.3.4\classmate-1.3.4.jar;D:\develop\mvnlib\com\fasterxml\jackson\core\jackson-databind\2.8.10\jackson-databind-2.8.10.jar;D:\develop\mvnlib\com\fasterxml\jackson\core\jackson-annotations\2.8.0\jackson-annotations-2.8.0.jar;D:\develop\mvnlib\com\fasterxml\jackson\core\jackson-core\2.8.10\jackson-core-2.8.10.jar;D:\develop\mvnlib\org\springframework\spring-web\4.3.13.RELEASE\spring-web-4.3.13.RELEASE.jar;D:\develop\mvnlib\org\springframework\spring-aop\4.3.13.RELEASE\spring-aop-4.3.13.RELEASE.jar;D:\develop\mvnlib\org\springframework\spring-beans\4.3.13.RELEASE\spring-beans-4.3.13.RELEASE.jar;D:\develop\mvnlib\org\springframework\spring-context\4.3.13.RELEASE\spring-context-4.3.13.RELEASE.jar;D:\develop\mvnlib\org\springframework\spring-webmvc\4.3.13.RELEASE\spring-webmvc-4.3.13.RELEASE.jar;D:\develop\mvnlib\org\springframework\spring-expression\4.3.13.RELEASE\spring-expression-4.3.13.RELEASE.jar;D:\develop\mvnlib\junit\junit\4.11\junit-4.11.jar;D:\develop\mvnlib\org\hamcrest\hamcrest-core\1.3\hamcrest-core-1.3.jar;D:\develop\mvnlib\mysql\mysql-connector-java\8.0.28\mysql-connector-java-8.0.28.jar;D:\develop\mvnlib\com\google\protobuf\protobuf-java\3.11.4\protobuf-java-3.11.4.jar;"/>
    <property name="sun.cpu.endian" value="little"/>
    <property name="user.home" value="C:\Users\wh2104220"/>
    <property name="user.language" value="zh"/>
    <property name="java.specification.vendor" value="Oracle Corporation"/>
    <property name="java.version.date" value="2022-01-18"/>
    <property name="java.home" value="C:\Program Files\zulu\jdk-17.0.2"/>
    <property name="file.separator" value="\"/>
    <property name="basedir" value="E:\desktop\gitee\triennium\培训\java\211. Java Spring Boot (Backend)\spring boot part 3\db"/>
    <property name="java.vm.compressedOopsMode" value="Zero based"/>
    <property name="line.separator" value="&#10;"/>
    <property name="java.vm.specification.vendor" value="Oracle Corporation"/>
    <property name="java.specification.name" value="Java Platform API Specification"/>
    <property name="surefire.real.class.path" value="C:\Users\WH2104~1\AppData\Local\Temp\surefire11653338827025184185\surefirebooter2190516402543822325.jar"/>
    <property name="user.script" value=""/>
    <property name="sun.management.compiler" value="HotSpot 64-Bit Tiered Compilers"/>
    <property name="java.runtime.version" value="17.0.2+8-86"/>
    <property name="user.name" value="WH2104220"/>
    <property name="path.separator" value=";"/>
    <property name="os.version" value="10.0"/>
    <property name="java.runtime.name" value="OpenJDK Runtime Environment"/>
    <property name="file.encoding" value="GBK"/>
    <property name="java.vm.name" value="OpenJDK 64-Bit Server VM"/>
    <property name="localRepository" value="D:\develop\mvnlib"/>
    <property name="java.vendor.url.bug" value="https://bugreport.java.com/bugreport/"/>
    <property name="java.io.tmpdir" value="C:\Users\WH2104~1\AppData\Local\Temp\"/>
    <property name="java.version" value="17.0.2"/>
    <property name="user.dir" value="E:\desktop\gitee\triennium\培训\java\211. Java Spring Boot (Backend)\spring boot part 3\db"/>
    <property name="os.arch" value="amd64"/>
    <property name="java.vm.specification.name" value="Java Virtual Machine Specification"/>
    <property name="sun.os.patch.level" value=""/>
    <property name="native.encoding" value="GBK"/>
    <property name="java.library.path" value="C:\Program Files\zulu\jdk-17.0.2\bin;C:\WINDOWS\Sun\Java\bin;C:\WINDOWS\system32;C:\WINDOWS;C:\Program Files\Git\cmd;C:\Program Files\Git\bin;C:\Program Files\Git\mingw64\libexec\git-core;C:\WINDOWS\system32;C:\WINDOWS;C:\WINDOWS\System32\Wbem;C:\WINDOWS\System32\WindowsPowerShell\v1.0\;C:\WINDOWS\System32\OpenSSH\;&quot;D:\Program Files\android-sdk-windows\platform-tools;D:\Program Files\android-sdk-windows\tools&quot;;D:\Program Files\gradle-7.1.1\bin;D:\Program Files\android-sdk-windows\platform-tools;D:\Program Files\android-sdk-windows\tools;C:\Users\wh2104220\AppData\Roaming\nvm;C:\Program Files\nodejs;C:\Windows\System32;C:\Program Files\PuTTY\;D:\nginx-1.20.1;C:\Program Files\TortoiseSVN\bin;C:\Program Files\zulu\jdk-17.0.2\bin;D:\Program Files\apache-maven-3.6.1\bin;C:\Users\wh2104220\AppData\Local\Microsoft\WindowsApps;D:\Program Files\nodejs;D:\Program Files\nodejs\node_global;C:\Windows\System32;C:\WINDOWS\system32;C:\Users\wh2104220\AppData\Local\Programs\Microsoft VS Code\bin;C:\Users\wh2104220\AppData\Roaming\nvm;C:\Program Files\nodejs;C:\Users\wh2104220\AppData\Local\Programs\Microsoft VS Code Insiders\bin;D:\Program Files\IntelliJ IDEA Community Edition 2022.1\bin;;."/>
    <property name="java.vm.info" value="mixed mode, sharing"/>
    <property name="java.vendor" value="Oracle Corporation"/>
    <property name="java.vm.version" value="17.0.2+8-86"/>
    <property name="sun.io.unicode.encoding" value="UnicodeLittle"/>
    <property name="java.class.version" value="61.0"/>
  </properties>
  <testcase name="shouldAnswerWithTrue" classname="org.example.AppTest" time="0.001"/>
</testsuite>